Build started 08.03.2015 16:34:59.
     1>Project "C:\Users\VPC\Documents\GitHub\termoRegistrator\client_pd_dispatcher\client_pd_dispatcher_test_project\client_pd_dispatcher_test_project.vcxproj" on node 2 (Build target(s)).
     1>ClCompile:
         C:\Program Files\Microsoft Visual Studio 12.0\VC\bin\x86_amd64\CL.exe /c /Zi /nologo /W1 /WX- /O2 /Gm- /EHsc /MD /GS /fp:precise /Zc:wchar_t /Zc:forScope /Fo"x64\Release\\" /Fd"x64\Release\vc120.pdb" /Gd /TP /errorReport:prompt ..\unit_tests\packets_helpers.cpp ..\unit_tests\test_client_packets_manager.cpp ..\unit_tests\test_position_detector_connector.cpp ..\unit_tests\test_position_detector_dispatcher.cpp ..\unit_tests\test_server_proxy_pd_connector.cpp
         packets_helpers.cpp
     1>..\unit_tests\packets_helpers.cpp(10): fatal error C1083: Cannot open include file: 'position_detector_common\position_detector_packet.h': No such file or directory
         test_client_packets_manager.cpp
     1>..\unit_tests\test_client_packets_manager.cpp(1): fatal error C1083: Cannot open include file: 'CppUnitTest.h': No such file or directory
         test_position_detector_connector.cpp
     1>..\unit_tests\test_position_detector_connector.cpp(1): fatal error C1083: Cannot open include file: 'CppUnitTest.h': No such file or directory
         test_position_detector_dispatcher.cpp
     1>..\unit_tests\test_position_detector_dispatcher.cpp(1): fatal error C1083: Cannot open include file: 'CppUnitTest.h': No such file or directory
         test_server_proxy_pd_connector.cpp
     1>..\unit_tests\test_server_proxy_pd_connector.cpp(1): fatal error C1083: Cannot open include file: 'CppUnitTest.h': No such file or directory
         Generating Code...
     1>Done Building Project "C:\Users\VPC\Documents\GitHub\termoRegistrator\client_pd_dispatcher\client_pd_dispatcher_test_project\client_pd_dispatcher_test_project.vcxproj" (Build target(s)) -- FAILED.

Build FAILED.

Time Elapsed 00:00:00.43
